build/app/intermediates/manifest_merge_blame_file/release/manifest-merger-blame-release-report.txt
1<?xml version="1.0" encoding="utf-8"?>
2<manifest xmlns:android="http://schemas.android.com/apk/res/android"
3    package="com.a1clinic.appointment.ahmed"
4    android:versionCode="10"
5    android:versionName="1.0.2" >
6
7    <uses-sdk
8        android:minSdkVersion="24"
8-->src\main\AndroidManifest.xml
9        android:targetSdkVersion="34" />
9-->src\main\AndroidManifest.xml
10
11    <uses-permission android:name="android.permission.INTERNET" />
11-->src\main\AndroidManifest.xml:5:5-66
11-->src\main\AndroidManifest.xml:5:22-64
12    <uses-permission android:name="android.permission.ACCESS_FINE_LOCATION" />
12-->src\main\AndroidManifest.xml:6:5-78
12-->src\main\AndroidManifest.xml:6:22-76
13    <uses-permission android:name="android.permission.ACCESS_COARSE_LOCATION" />
13-->src\main\AndroidManifest.xml:7:5-80
13-->src\main\AndroidManifest.xml:7:22-78
14    <uses-permission android:name="android.permission.ACCESS_NETWORK_STATE" />
14-->src\main\AndroidManifest.xml:8:5-78
14-->src\main\AndroidManifest.xml:8:22-76
15    <uses-permission android:name="android.permission.VIBRATE" />
15-->src\main\AndroidManifest.xml:9:5-65
15-->src\main\AndroidManifest.xml:9:22-63
16    <!--
17    <uses-permission android:name="android.permission.RECORD_AUDIO"/>
18    <uses-permission android:name="android.permission.MODIFY_AUDIO_SETTINGS"/>
19    <uses-permission android:name="android.permission.AUDIO_CAPTURE"/>
20    -->
21    <uses-permission android:name="android.permission.CAMERA" />
21-->src\main\AndroidManifest.xml:13:5-64
21-->src\main\AndroidManifest.xml:13:22-62
22    <uses-permission android:name="android.permission.WAKE_LOCK" /> <!-- Permissions options for the `notification` group -->
22-->[:firebase_messaging] AndroidManifest.xml:8:5-68
22-->[:firebase_messaging] AndroidManifest.xml:8:22-65
23    <uses-permission android:name="android.permission.POST_NOTIFICATIONS" />
23-->[:firebase_messaging] AndroidManifest.xml:11:5-77
23-->[:firebase_messaging] AndroidManifest.xml:11:22-74
24
25    <queries>
25-->[:map_launcher] AndroidManifest.xml:7:5-33:15
26        <package android:name="com.google.android.apps.maps" />
26-->[:map_launcher] AndroidManifest.xml:8:9-64
26-->[:map_launcher] AndroidManifest.xml:8:18-61
27        <package android:name="com.google.android.apps.mapslite" />
27-->[:map_launcher] AndroidManifest.xml:9:9-68
27-->[:map_launcher] AndroidManifest.xml:9:18-65
28        <package android:name="com.autonavi.minimap" />
28-->[:map_launcher] AndroidManifest.xml:10:9-56
28-->[:map_launcher] AndroidManifest.xml:10:18-53
29        <package android:name="com.baidu.BaiduMap" />
29-->[:map_launcher] AndroidManifest.xml:11:9-54
29-->[:map_launcher] AndroidManifest.xml:11:18-51
30        <package android:name="com.waze" />
30-->[:map_launcher] AndroidManifest.xml:12:9-44
30-->[:map_launcher] AndroidManifest.xml:12:18-41
31        <package android:name="ru.yandex.yandexnavi" />
31-->[:map_launcher] AndroidManifest.xml:13:9-56
31-->[:map_launcher] AndroidManifest.xml:13:18-53
32        <package android:name="ru.yandex.yandexmaps" />
32-->[:map_launcher] AndroidManifest.xml:14:9-56
32-->[:map_launcher] AndroidManifest.xml:14:18-53
33        <package android:name="com.citymapper.app.release" />
33-->[:map_launcher] AndroidManifest.xml:15:9-62
33-->[:map_launcher] AndroidManifest.xml:15:18-59
34        <package android:name="com.mapswithme.maps.pro" />
34-->[:map_launcher] AndroidManifest.xml:16:9-59
34-->[:map_launcher] AndroidManifest.xml:16:18-56
35        <package android:name="net.osmand" />
35-->[:map_launcher] AndroidManifest.xml:17:9-46
35-->[:map_launcher] AndroidManifest.xml:17:18-43
36        <package android:name="net.osmand.plus" />
36-->[:map_launcher] AndroidManifest.xml:18:9-51
36-->[:map_launcher] AndroidManifest.xml:18:18-48
37        <package android:name="ru.dublgis.dgismobile" />
37-->[:map_launcher] AndroidManifest.xml:19:9-57
37-->[:map_launcher] AndroidManifest.xml:19:18-54
38        <package android:name="com.tencent.map" />
38-->[:map_launcher] AndroidManifest.xml:20:9-51
38-->[:map_launcher] AndroidManifest.xml:20:18-48
39        <package android:name="com.here.app.maps" />
39-->[:map_launcher] AndroidManifest.xml:21:9-53
39-->[:map_launcher] AndroidManifest.xml:21:18-50
40        <package android:name="com.huawei.maps.app" />
40-->[:map_launcher] AndroidManifest.xml:22:9-55
40-->[:map_launcher] AndroidManifest.xml:22:18-52
41        <package android:name="com.alk.copilot.mapviewer" />
41-->[:map_launcher] AndroidManifest.xml:23:9-61
41-->[:map_launcher] AndroidManifest.xml:23:18-58
42        <package android:name="com.tomtom.gplay.navapp" />
42-->[:map_launcher] AndroidManifest.xml:24:9-59
42-->[:map_launcher] AndroidManifest.xml:24:18-56
43        <package android:name="com.tomtom.gplay.navapp.gofleet" />
43-->[:map_launcher] AndroidManifest.xml:25:9-67
43-->[:map_launcher] AndroidManifest.xml:25:18-64
44        <package android:name="com.sygic.truck" />
44-->[:map_launcher] AndroidManifest.xml:26:9-51
44-->[:map_launcher] AndroidManifest.xml:26:18-48
45        <package android:name="nl.flitsmeister" />
45-->[:map_launcher] AndroidManifest.xml:27:9-51
45-->[:map_launcher] AndroidManifest.xml:27:18-48
46        <package android:name="nl.flitsmeister.flux" />
46-->[:map_launcher] AndroidManifest.xml:28:9-56
46-->[:map_launcher] AndroidManifest.xml:28:18-53
47        <package android:name="com.nhn.android.nmap" />
47-->[:map_launcher] AndroidManifest.xml:29:9-56
47-->[:map_launcher] AndroidManifest.xml:29:18-53
48        <package android:name="net.daum.android.map" />
48-->[:map_launcher] AndroidManifest.xml:30:9-56
48-->[:map_launcher] AndroidManifest.xml:30:18-53
49        <package android:name="com.skt.tmap.ku" />
49-->[:map_launcher] AndroidManifest.xml:31:9-51
49-->[:map_launcher] AndroidManifest.xml:31:18-48
50        <package android:name="cz.seznam.mapy" />
50-->[:map_launcher] AndroidManifest.xml:32:9-50
50-->[:map_launcher] AndroidManifest.xml:32:18-47
51    </queries> <!-- Required by older versions of Google Play services to create IID tokens -->
52    <uses-permission android:name="com.google.android.c2dm.permission.RECEIVE" />
52-->[com.google.firebase:firebase-iid:21.1.0] AndroidManifest.xml:26:5-82
52-->[com.google.firebase:firebase-iid:21.1.0] AndroidManifest.xml:26:22-79
53
54    <uses-feature
54-->[com.google.android.gms:play-services-maps:18.2.0] AndroidManifest.xml:26:5-28:35
55        android:glEsVersion="0x00020000"
55-->[com.google.android.gms:play-services-maps:18.2.0] AndroidManifest.xml:27:9-41
56        android:required="true" />
56-->[com.google.android.gms:play-services-maps:18.2.0] AndroidManifest.xml:28:9-32
57
58    <uses-permission android:name="com.google.android.providers.gsf.permission.READ_GSERVICES" />
58-->[com.google.android.recaptcha:recaptcha:18.4.0] AndroidManifest.xml:9:5-98
58-->[com.google.android.recaptcha:recaptcha:18.4.0] AndroidManifest.xml:9:22-95
59
60    <permission
60-->[androidx.core:core:1.13.1] AndroidManifest.xml:22:5-24:47
61        android:name="com.a1clinic.appointment.ahmed.DYNAMIC_RECEIVER_NOT_EXPORTED_PERMISSION"
61-->[androidx.core:core:1.13.1] AndroidManifest.xml:23:9-81
62        android:protectionLevel="signature" />
62-->[androidx.core:core:1.13.1] AndroidManifest.xml:24:9-44
63
64    <uses-permission android:name="com.a1clinic.appointment.ahmed.DYNAMIC_RECEIVER_NOT_EXPORTED_PERMISSION" />
64-->[androidx.core:core:1.13.1] AndroidManifest.xml:26:5-97
64-->[androidx.core:core:1.13.1] AndroidManifest.xml:26:22-94
65    <!--
66 io.flutter.app.FlutterApplication is an android.app.Application that
67         calls FlutterMain.startInitialization(this); in its onCreate method.
68         In most cases you can leave this as-is, but you if you want to provide
69         additional functionality it is fine to subclass or reimplement
70         FlutterApplication and put your custom class here.
71    -->
72    <application
73        android:name="android.app.Application"
73-->src\main\AndroidManifest.xml:22:9-42
74        android:appComponentFactory="androidx.core.app.CoreComponentFactory"
74-->[androidx.core:core:1.13.1] AndroidManifest.xml:28:18-86
75        android:extractNativeLibs="false"
76        android:icon="@mipmap/ic_notification"
76-->src\main\AndroidManifest.xml:23:9-47
77        android:label="A1 Clinics"
77-->src\main\AndroidManifest.xml:21:9-35
78        android:usesCleartextTraffic="true" >
78-->src\main\AndroidManifest.xml:24:9-44
79        <meta-data
79-->src\main\AndroidManifest.xml:26:9-27:70
80            android:name="com.google.android.geo.API_KEY"
80-->src\main\AndroidManifest.xml:26:20-65
81            android:value="AIzaSyCEkXbIXK1D1tik6ny4lqiFdwo9RolKgJE" />
81-->src\main\AndroidManifest.xml:27:13-68
82        <meta-data
82-->src\main\AndroidManifest.xml:29:9-31:57
83            android:name="com.google.firebase.messaging.default_notification_icon"
83-->src\main\AndroidManifest.xml:30:13-83
84            android:resource="@mipmap/ic_notification" />
84-->src\main\AndroidManifest.xml:31:13-55
85
86        <activity
86-->src\main\AndroidManifest.xml:33:9-57:20
87            android:name="com.a1clinic.appointment.ahmed.MainActivity"
87-->src\main\AndroidManifest.xml:34:13-41
88            android:configChanges="orientation|keyboardHidden|keyboard|screenSize|smallestScreenSize|locale|layoutDirection|fontScale|screenLayout|density|uiMode"
88-->src\main\AndroidManifest.xml:38:13-163
89            android:exported="true"
89-->src\main\AndroidManifest.xml:35:13-36
90            android:hardwareAccelerated="true"
90-->src\main\AndroidManifest.xml:39:13-47
91            android:launchMode="singleTop"
91-->src\main\AndroidManifest.xml:36:13-43
92            android:theme="@style/LaunchTheme"
92-->src\main\AndroidManifest.xml:37:13-47
93            android:windowSoftInputMode="adjustResize" >
93-->src\main\AndroidManifest.xml:40:13-55
94
95            <!--
96                 Specifies an Android theme to apply to this Activity as soon as
97                 the Android process has started. This theme is visible to the user
98                 while the Flutter UI initializes. After that, this theme continues
99                 to determine the Window background behind the Flutter UI.
100            -->
101            <meta-data
101-->src\main\AndroidManifest.xml:45:13-48:19
102                android:name="io.flutter.embedding.android.NormalTheme"
102-->src\main\AndroidManifest.xml:46:17-72
103                android:resource="@style/NormalTheme" />
103-->src\main\AndroidManifest.xml:47:17-54
104
105            <intent-filter>
105-->src\main\AndroidManifest.xml:49:13-52:29
106                <action android:name="android.intent.action.MAIN" />
106-->src\main\AndroidManifest.xml:50:17-68
106-->src\main\AndroidManifest.xml:50:25-66
107
108                <category android:name="android.intent.category.LAUNCHER" />
108-->src\main\AndroidManifest.xml:51:17-76
108-->src\main\AndroidManifest.xml:51:27-74
109            </intent-filter>
110            <intent-filter>
110-->src\main\AndroidManifest.xml:53:13-56:29
111                <action android:name="FLUTTER_NOTIFICATION_CLICK" />
111-->src\main\AndroidManifest.xml:54:17-68
111-->src\main\AndroidManifest.xml:54:25-66
112
113                <category android:name="android.intent.category.DEFAULT" />
113-->src\main\AndroidManifest.xml:55:17-75
113-->src\main\AndroidManifest.xml:55:27-73
114            </intent-filter>
115        </activity>
116        <!--
117             Don't delete the meta-data below.
118             This is used by the Flutter tool to generate GeneratedPluginRegistrant.java
119        -->
120        <meta-data
120-->src\main\AndroidManifest.xml:60:9-62:32
121            android:name="flutterEmbedding"
121-->src\main\AndroidManifest.xml:61:13-44
122            android:value="2" />
122-->src\main\AndroidManifest.xml:62:13-30
123
124        <service
124-->src\main\AndroidManifest.xml:63:9-70:19
125            android:name="org.jitsi.meet.sdk.ConnectionService"
125-->src\main\AndroidManifest.xml:64:13-64
126            android:exported="true"
126-->src\main\AndroidManifest.xml:66:13-36
127            android:permission="android.permission.BIND_TELECOM_CONNECTION_SERVICE" >
127-->src\main\AndroidManifest.xml:65:13-84
128            <intent-filter>
128-->src\main\AndroidManifest.xml:67:13-69:29
129                <action android:name="android.telecom.ConnectionService" />
129-->src\main\AndroidManifest.xml:68:17-76
129-->src\main\AndroidManifest.xml:68:25-73
130            </intent-filter>
131        </service>
132        <service
132-->[:cloud_firestore] AndroidManifest.xml:8:9-12:19
133            android:name="com.google.firebase.components.ComponentDiscoveryService"
133-->[:cloud_firestore] AndroidManifest.xml:8:18-89
134            android:directBootAware="true"
134-->[com.google.firebase:firebase-common:20.4.3] AndroidManifest.xml:32:13-43
135            android:exported="false" >
135-->[com.google.firebase:firebase-iid:21.1.0] AndroidManifest.xml:31:13-37
136            <meta-data
136-->[:cloud_firestore] AndroidManifest.xml:9:13-11:85
137                android:name="com.google.firebase.components:io.flutter.plugins.firebase.firestore.FlutterFirebaseFirestoreRegistrar"
137-->[:cloud_firestore] AndroidManifest.xml:10:17-134
138                android:value="com.google.firebase.components.ComponentRegistrar" />
138-->[:cloud_firestore] AndroidManifest.xml:11:17-82
139            <meta-data
139-->[:firebase_auth] AndroidManifest.xml:9:13-11:85
140                android:name="com.google.firebase.components:io.flutter.plugins.firebase.auth.FlutterFirebaseAuthRegistrar"
140-->[:firebase_auth] AndroidManifest.xml:10:17-124
141                android:value="com.google.firebase.components.ComponentRegistrar" />
141-->[:firebase_auth] AndroidManifest.xml:11:17-82
142            <meta-data
142-->[:firebase_messaging] AndroidManifest.xml:36:13-38:85
143                android:name="com.google.firebase.components:io.flutter.plugins.firebase.messaging.FlutterFirebaseAppRegistrar"
143-->[:firebase_messaging] AndroidManifest.xml:37:17-128
144                android:value="com.google.firebase.components.ComponentRegistrar" />
144-->[:firebase_messaging] AndroidManifest.xml:38:17-82
145            <meta-data
145-->[:firebase_storage] AndroidManifest.xml:9:13-11:85
146                android:name="com.google.firebase.components:io.flutter.plugins.firebase.storage.FlutterFirebaseAppRegistrar"
146-->[:firebase_storage] AndroidManifest.xml:10:17-126
147                android:value="com.google.firebase.components.ComponentRegistrar" />
147-->[:firebase_storage] AndroidManifest.xml:11:17-82
148            <meta-data
148-->[:firebase_core] AndroidManifest.xml:9:13-11:85
149                android:name="com.google.firebase.components:io.flutter.plugins.firebase.core.FlutterFirebaseCoreRegistrar"
149-->[:firebase_core] AndroidManifest.xml:10:17-124
150                android:value="com.google.firebase.components.ComponentRegistrar" />
150-->[:firebase_core] AndroidManifest.xml:11:17-82
151            <meta-data
151-->[com.google.firebase:firebase-iid:21.1.0] AndroidManifest.xml:32:13-34:85
152                android:name="com.google.firebase.components:com.google.firebase.iid.Registrar"
152-->[com.google.firebase:firebase-iid:21.1.0] AndroidManifest.xml:33:17-96
153                android:value="com.google.firebase.components.ComponentRegistrar" />
153-->[com.google.firebase:firebase-iid:21.1.0] AndroidManifest.xml:34:17-82
154            <meta-data
154-->[com.google.firebase:firebase-auth:22.3.1] AndroidManifest.xml:69:13-71:85
155                android:name="com.google.firebase.components:com.google.firebase.auth.FirebaseAuthRegistrar"
155-->[com.google.firebase:firebase-auth:22.3.1] AndroidManifest.xml:70:17-109
156                android:value="com.google.firebase.components.ComponentRegistrar" />
156-->[com.google.firebase:firebase-auth:22.3.1] AndroidManifest.xml:71:17-82
157            <meta-data
157-->[com.google.firebase:firebase-firestore:24.11.0] AndroidManifest.xml:17:13-19:85
158                android:name="com.google.firebase.components:com.google.firebase.firestore.FirebaseFirestoreKtxRegistrar"
158-->[com.google.firebase:firebase-firestore:24.11.0] AndroidManifest.xml:18:17-122
159                android:value="com.google.firebase.components.ComponentRegistrar" />
159-->[com.google.firebase:firebase-firestore:24.11.0] AndroidManifest.xml:19:17-82
160            <meta-data
160-->[com.google.firebase:firebase-firestore:24.11.0] AndroidManifest.xml:20:13-22:85
161                android:name="com.google.firebase.components:com.google.firebase.firestore.FirestoreRegistrar"
161-->[com.google.firebase:firebase-firestore:24.11.0] AndroidManifest.xml:21:17-111
162                android:value="com.google.firebase.components.ComponentRegistrar" />
162-->[com.google.firebase:firebase-firestore:24.11.0] AndroidManifest.xml:22:17-82
163            <meta-data
163-->[com.google.firebase:firebase-messaging:23.4.1] AndroidManifest.xml:57:13-59:85
164                android:name="com.google.firebase.components:com.google.firebase.messaging.FirebaseMessagingKtxRegistrar"
164-->[com.google.firebase:firebase-messaging:23.4.1] AndroidManifest.xml:58:17-122
165                android:value="com.google.firebase.components.ComponentRegistrar" />
165-->[com.google.firebase:firebase-messaging:23.4.1] AndroidManifest.xml:59:17-82
166            <meta-data
166-->[com.google.firebase:firebase-messaging:23.4.1] AndroidManifest.xml:60:13-62:85
167                android:name="com.google.firebase.components:com.google.firebase.messaging.FirebaseMessagingRegistrar"
167-->[com.google.firebase:firebase-messaging:23.4.1] AndroidManifest.xml:61:17-119
168                android:value="com.google.firebase.components.ComponentRegistrar" />
168-->[com.google.firebase:firebase-messaging:23.4.1] AndroidManifest.xml:62:17-82
169            <meta-data
169-->[com.google.firebase:firebase-storage:20.3.0] AndroidManifest.xml:30:13-32:85
170                android:name="com.google.firebase.components:com.google.firebase.storage.FirebaseStorageKtxRegistrar"
170-->[com.google.firebase:firebase-storage:20.3.0] AndroidManifest.xml:31:17-118
171                android:value="com.google.firebase.components.ComponentRegistrar" />
171-->[com.google.firebase:firebase-storage:20.3.0] AndroidManifest.xml:32:17-82
172            <meta-data
172-->[com.google.firebase:firebase-storage:20.3.0] AndroidManifest.xml:33:13-35:85
173                android:name="com.google.firebase.components:com.google.firebase.storage.StorageRegistrar"
173-->[com.google.firebase:firebase-storage:20.3.0] AndroidManifest.xml:34:17-107
174                android:value="com.google.firebase.components.ComponentRegistrar" />
174-->[com.google.firebase:firebase-storage:20.3.0] AndroidManifest.xml:35:17-82
175            <meta-data
175-->[com.google.firebase:firebase-installations:17.2.0] AndroidManifest.xml:15:13-17:85
176                android:name="com.google.firebase.components:com.google.firebase.installations.FirebaseInstallationsKtxRegistrar"
176-->[com.google.firebase:firebase-installations:17.2.0] AndroidManifest.xml:16:17-130
177                android:value="com.google.firebase.components.ComponentRegistrar" />
177-->[com.google.firebase:firebase-installations:17.2.0] AndroidManifest.xml:17:17-82
178            <meta-data
178-->[com.google.firebase:firebase-installations:17.2.0] AndroidManifest.xml:18:13-20:85
179                android:name="com.google.firebase.components:com.google.firebase.installations.FirebaseInstallationsRegistrar"
179-->[com.google.firebase:firebase-installations:17.2.0] AndroidManifest.xml:19:17-127
180                android:value="com.google.firebase.components.ComponentRegistrar" />
180-->[com.google.firebase:firebase-installations:17.2.0] AndroidManifest.xml:20:17-82
181            <meta-data
181-->[com.google.firebase:firebase-appcheck:17.1.2] AndroidManifest.xml:25:13-27:85
182                android:name="com.google.firebase.components:com.google.firebase.appcheck.FirebaseAppCheckKtxRegistrar"
182-->[com.google.firebase:firebase-appcheck:17.1.2] AndroidManifest.xml:26:17-120
183                android:value="com.google.firebase.components.ComponentRegistrar" />
183-->[com.google.firebase:firebase-appcheck:17.1.2] AndroidManifest.xml:27:17-82
184            <meta-data
184-->[com.google.firebase:firebase-appcheck:17.1.2] AndroidManifest.xml:28:13-30:85
185                android:name="com.google.firebase.components:com.google.firebase.appcheck.FirebaseAppCheckRegistrar"
185-->[com.google.firebase:firebase-appcheck:17.1.2] AndroidManifest.xml:29:17-117
186                android:value="com.google.firebase.components.ComponentRegistrar" />
186-->[com.google.firebase:firebase-appcheck:17.1.2] AndroidManifest.xml:30:17-82
187            <meta-data
187-->[com.google.firebase:firebase-common-ktx:20.4.3] AndroidManifest.xml:12:13-14:85
188                android:name="com.google.firebase.components:com.google.firebase.ktx.FirebaseCommonLegacyRegistrar"
188-->[com.google.firebase:firebase-common-ktx:20.4.3] AndroidManifest.xml:13:17-116
189                android:value="com.google.firebase.components.ComponentRegistrar" />
189-->[com.google.firebase:firebase-common-ktx:20.4.3] AndroidManifest.xml:14:17-82
190            <meta-data
190-->[com.google.firebase:firebase-common:20.4.3] AndroidManifest.xml:35:13-37:85
191                android:name="com.google.firebase.components:com.google.firebase.FirebaseCommonKtxRegistrar"
191-->[com.google.firebase:firebase-common:20.4.3] AndroidManifest.xml:36:17-109
192                android:value="com.google.firebase.components.ComponentRegistrar" />
192-->[com.google.firebase:firebase-common:20.4.3] AndroidManifest.xml:37:17-82
193            <meta-data
193-->[com.google.firebase:firebase-datatransport:18.1.7] AndroidManifest.xml:27:13-29:85
194                android:name="com.google.firebase.components:com.google.firebase.datatransport.TransportRegistrar"
194-->[com.google.firebase:firebase-datatransport:18.1.7] AndroidManifest.xml:28:17-115
195                android:value="com.google.firebase.components.ComponentRegistrar" />
195-->[com.google.firebase:firebase-datatransport:18.1.7] AndroidManifest.xml:29:17-82
196        </service>
197        <service
197-->[:firebase_messaging] AndroidManifest.xml:14:9-17:72
198            android:name="io.flutter.plugins.firebase.messaging.FlutterFirebaseMessagingBackgroundService"
198-->[:firebase_messaging] AndroidManifest.xml:15:13-107
199            android:exported="false"
199-->[:firebase_messaging] AndroidManifest.xml:16:13-37
200            android:permission="android.permission.BIND_JOB_SERVICE" />
200-->[:firebase_messaging] AndroidManifest.xml:17:13-69
201        <service
201-->[:firebase_messaging] AndroidManifest.xml:18:9-24:19
202            android:name="io.flutter.plugins.firebase.messaging.FlutterFirebaseMessagingService"
202-->[:firebase_messaging] AndroidManifest.xml:19:13-97
203            android:exported="false" >
203-->[:firebase_messaging] AndroidManifest.xml:20:13-37
204            <intent-filter>
204-->[:firebase_messaging] AndroidManifest.xml:21:13-23:29
205                <action android:name="com.google.firebase.MESSAGING_EVENT" />
205-->[:firebase_messaging] AndroidManifest.xml:22:17-78
205-->[:firebase_messaging] AndroidManifest.xml:22:25-75
206            </intent-filter>
207        </service>
208
209        <receiver
209-->[:firebase_messaging] AndroidManifest.xml:26:9-33:20
210            android:name="io.flutter.plugins.firebase.messaging.FlutterFirebaseMessagingReceiver"
210-->[:firebase_messaging] AndroidManifest.xml:27:13-98
211            android:exported="true"
211-->[:firebase_messaging] AndroidManifest.xml:28:13-36
212            android:permission="com.google.android.c2dm.permission.SEND" >
212-->[:firebase_messaging] AndroidManifest.xml:29:13-73
213            <intent-filter>
213-->[:firebase_messaging] AndroidManifest.xml:30:13-32:29
214                <action android:name="com.google.android.c2dm.intent.RECEIVE" />
214-->[:firebase_messaging] AndroidManifest.xml:31:17-81
214-->[:firebase_messaging] AndroidManifest.xml:31:25-78
215            </intent-filter>
216        </receiver>
217
218        <provider
218-->[:firebase_messaging] AndroidManifest.xml:41:9-45:38
219            android:name="io.flutter.plugins.firebase.messaging.FlutterFirebaseMessagingInitProvider"
219-->[:firebase_messaging] AndroidManifest.xml:42:13-102
220            android:authorities="com.a1clinic.appointment.ahmed.flutterfirebasemessaginginitprovider"
220-->[:firebase_messaging] AndroidManifest.xml:43:13-88
221            android:exported="false"
221-->[:firebase_messaging] AndroidManifest.xml:44:13-37
222            android:initOrder="99" />
222-->[:firebase_messaging] AndroidManifest.xml:45:13-35
223        <provider
223-->[:image_picker_android] AndroidManifest.xml:9:9-17:20
224            android:name="io.flutter.plugins.imagepicker.ImagePickerFileProvider"
224-->[:image_picker_android] AndroidManifest.xml:10:13-82
225            android:authorities="com.a1clinic.appointment.ahmed.flutter.image_provider"
225-->[:image_picker_android] AndroidManifest.xml:11:13-74
226            android:exported="false"
226-->[:image_picker_android] AndroidManifest.xml:12:13-37
227            android:grantUriPermissions="true" >
227-->[:image_picker_android] AndroidManifest.xml:13:13-47
228            <meta-data
228-->[:image_picker_android] AndroidManifest.xml:14:13-16:75
229                android:name="android.support.FILE_PROVIDER_PATHS"
229-->[:image_picker_android] AndroidManifest.xml:15:17-67
230                android:resource="@xml/flutter_image_picker_file_paths" />
230-->[:image_picker_android] AndroidManifest.xml:16:17-72
231        </provider> <!-- Trigger Google Play services to install the backported photo picker module. -->
232        <service
232-->[:image_picker_android] AndroidManifest.xml:19:9-31:19
233            android:name="com.google.android.gms.metadata.ModuleDependencies"
233-->[:image_picker_android] AndroidManifest.xml:20:13-78
234            android:enabled="false"
234-->[:image_picker_android] AndroidManifest.xml:21:13-36
235            android:exported="false" >
235-->[:image_picker_android] AndroidManifest.xml:22:13-37
236            <intent-filter>
236-->[:image_picker_android] AndroidManifest.xml:24:13-26:29
237                <action android:name="com.google.android.gms.metadata.MODULE_DEPENDENCIES" />
237-->[:image_picker_android] AndroidManifest.xml:25:17-94
237-->[:image_picker_android] AndroidManifest.xml:25:25-91
238            </intent-filter>
239
240            <meta-data
240-->[:image_picker_android] AndroidManifest.xml:28:13-30:36
241                android:name="photopicker_activity:0:required"
241-->[:image_picker_android] AndroidManifest.xml:29:17-63
242                android:value="" />
242-->[:image_picker_android] AndroidManifest.xml:30:17-33
243        </service>
244        <service
244-->[:geolocator_android] AndroidManifest.xml:8:9-12:56
245            android:name="com.baseflow.geolocator.GeolocatorLocationService"
245-->[:geolocator_android] AndroidManifest.xml:9:13-77
246            android:enabled="true"
246-->[:geolocator_android] AndroidManifest.xml:10:13-35
247            android:exported="false"
247-->[:geolocator_android] AndroidManifest.xml:11:13-37
248            android:foregroundServiceType="location" />
248-->[:geolocator_android] AndroidManifest.xml:12:13-53
249
250        <activity
250-->[:url_launcher_android] AndroidManifest.xml:8:9-11:74
251            android:name="io.flutter.plugins.urllauncher.WebViewActivity"
251-->[:url_launcher_android] AndroidManifest.xml:9:13-74
252            android:exported="false"
252-->[:url_launcher_android] AndroidManifest.xml:10:13-37
253            android:theme="@android:style/Theme.NoTitleBar.Fullscreen" /> <!-- Needs to be explicitly declared on P+ -->
253-->[:url_launcher_android] AndroidManifest.xml:11:13-71
254        <uses-library
254-->[com.google.android.gms:play-services-maps:18.2.0] AndroidManifest.xml:39:9-41:40
255            android:name="org.apache.http.legacy"
255-->[com.google.android.gms:play-services-maps:18.2.0] AndroidManifest.xml:40:13-50
256            android:required="false" />
256-->[com.google.android.gms:play-services-maps:18.2.0] AndroidManifest.xml:41:13-37
257
258        <activity
258-->[com.google.firebase:firebase-auth:22.3.1] AndroidManifest.xml:29:9-46:20
259            android:name="com.google.firebase.auth.internal.GenericIdpActivity"
259-->[com.google.firebase:firebase-auth:22.3.1] AndroidManifest.xml:30:13-80
260            android:excludeFromRecents="true"
260-->[com.google.firebase:firebase-auth:22.3.1] AndroidManifest.xml:31:13-46
261            android:exported="true"
261-->[com.google.firebase:firebase-auth:22.3.1] AndroidManifest.xml:32:13-36
262            android:launchMode="singleTask"
262-->[com.google.firebase:firebase-auth:22.3.1] AndroidManifest.xml:33:13-44
263            android:theme="@android:style/Theme.Translucent.NoTitleBar" >
263-->[com.google.firebase:firebase-auth:22.3.1] AndroidManifest.xml:34:13-72
264            <intent-filter>
264-->[com.google.firebase:firebase-auth:22.3.1] AndroidManifest.xml:35:13-45:29
265                <action android:name="android.intent.action.VIEW" />
265-->[com.google.firebase:firebase-auth:22.3.1] AndroidManifest.xml:36:17-69
265-->[com.google.firebase:firebase-auth:22.3.1] AndroidManifest.xml:36:25-66
266
267                <category android:name="android.intent.category.DEFAULT" />
267-->src\main\AndroidManifest.xml:55:17-75
267-->src\main\AndroidManifest.xml:55:27-73
268                <category android:name="android.intent.category.BROWSABLE" />
268-->[com.google.firebase:firebase-auth:22.3.1] AndroidManifest.xml:39:17-78